08:34:19  Device: cuda
08:34:20  Parameters: {'band_split': '35,972', 'visual_conditioning': '426,368', 'band_sequence_rnn': '4,360,704', 'mask_decoder': '7,910,428', 'total': '12,733,472'}
08:34:20  Train samples=13430  Val samples=1535
08:35:31  step=100  loss=0.2927  lr=1.00e-03  elapsed=71s
08:36:38  step=200  loss=0.2606  lr=1.00e-03  elapsed=137s
08:37:44  step=300  loss=0.2668  lr=1.00e-03  elapsed=204s
08:38:51  step=400  loss=0.2402  lr=1.00e-03  elapsed=271s
08:39:58  step=500  loss=0.2467  lr=1.00e-03  elapsed=338s
08:41:05  step=600  loss=0.2382  lr=1.00e-03  elapsed=404s
08:42:12  step=700  loss=0.2416  lr=1.00e-03  elapsed=471s
08:43:19  step=800  loss=0.2402  lr=1.00e-03  elapsed=538s
08:44:25  step=900  loss=0.2302  lr=1.00e-03  elapsed=605s
08:47:29  Device: cuda
08:47:31  Parameters: {'band_split': '35,972', 'visual_conditioning': '426,368', 'band_sequence_rnn': '4,360,704', 'mask_decoder': '7,910,428', 'total': '12,733,472'}
08:47:31  Train samples=13430  Val samples=1535
08:48:40  step=100  loss=0.3088  lr=1.00e-03  elapsed=69s
08:49:46  step=200  loss=0.2510  lr=1.00e-03  elapsed=136s
08:50:53  step=300  loss=0.2655  lr=1.00e-03  elapsed=202s
08:52:00  step=400  loss=0.2475  lr=1.00e-03  elapsed=269s
08:53:07  step=500  loss=0.2530  lr=1.00e-03  elapsed=336s
08:54:13  step=600  loss=0.2299  lr=1.00e-03  elapsed=403s
08:55:20  step=700  loss=0.2346  lr=1.00e-03  elapsed=469s
08:56:27  step=800  loss=0.2388  lr=1.00e-03  elapsed=536s
08:57:34  step=900  loss=0.2175  lr=1.00e-03  elapsed=603s
08:58:41  step=1000  loss=0.2324  lr=1.00e-03  elapsed=670s
08:59:47  step=1100  loss=0.2359  lr=1.00e-03  elapsed=737s
09:00:54  step=1200  loss=0.2201  lr=1.00e-03  elapsed=804s
09:02:01  step=1300  loss=0.2243  lr=1.00e-03  elapsed=870s
09:03:08  step=1400  loss=0.2190  lr=1.00e-03  elapsed=937s
09:04:15  step=1500  loss=0.2169  lr=1.00e-03  elapsed=1004s
09:05:21  step=1600  loss=0.2061  lr=1.00e-03  elapsed=1071s
09:06:28  step=1700  loss=0.2155  lr=1.00e-03  elapsed=1137s
09:07:35  step=1800  loss=0.2199  lr=1.00e-03  elapsed=1204s
09:08:42  step=1900  loss=0.2126  lr=1.00e-03  elapsed=1271s
09:09:49  step=2000  loss=0.2044  lr=1.00e-03  elapsed=1338s
09:11:35    [val] step=2000  val_loss=0.2253
09:11:36    [val] new best: 0.2253 → saved best.pt
09:12:42  step=2100  loss=0.2240  lr=1.00e-03  elapsed=1512s
09:13:49  step=2200  loss=0.2237  lr=1.00e-03  elapsed=1578s
09:14:56  step=2300  loss=0.2072  lr=1.00e-03  elapsed=1645s
09:16:03  step=2400  loss=0.2213  lr=1.00e-03  elapsed=1712s
09:17:09  step=2500  loss=0.2196  lr=1.00e-03  elapsed=1779s
09:18:16  step=2600  loss=0.2229  lr=1.00e-03  elapsed=1846s
09:19:23  step=2700  loss=0.2141  lr=1.00e-03  elapsed=1912s
09:20:30  step=2800  loss=0.2001  lr=1.00e-03  elapsed=1979s
09:21:37  step=2900  loss=0.1987  lr=1.00e-03  elapsed=2046s
09:22:43  step=3000  loss=0.2148  lr=1.00e-03  elapsed=2113s
09:23:50  step=3100  loss=0.2158  lr=1.00e-03  elapsed=2179s
09:26:51  Device: cuda
09:26:53  Parameters: {'band_split': '35,972', 'visual_conditioning': '426,368', 'band_sequence_rnn': '4,360,704', 'mask_decoder': '7,910,428', 'total': '12,733,472'}
09:26:53  Train samples=13430  Val samples=1535
09:28:02  step=100  loss=0.3074  lr=1.00e-03  elapsed=69s
09:29:08  step=200  loss=0.2629  lr=1.00e-03  elapsed=136s
09:30:15  step=300  loss=0.2448  lr=1.00e-03  elapsed=202s
09:31:22  step=400  loss=0.2451  lr=1.00e-03  elapsed=269s
09:32:28  step=500  loss=0.2493  lr=1.00e-03  elapsed=336s
09:33:35  step=600  loss=0.2280  lr=1.00e-03  elapsed=403s
09:34:42  step=700  loss=0.2466  lr=1.00e-03  elapsed=469s
09:35:49  step=800  loss=0.2403  lr=1.00e-03  elapsed=536s
09:36:55  step=900  loss=0.2257  lr=1.00e-03  elapsed=603s
09:38:02  step=1000  loss=0.2341  lr=1.00e-03  elapsed=669s
09:39:09  step=1100  loss=0.2392  lr=1.00e-03  elapsed=736s
09:40:16  step=1200  loss=0.2262  lr=1.00e-03  elapsed=803s
09:41:22  step=1300  loss=0.2305  lr=1.00e-03  elapsed=870s
09:42:29  step=1400  loss=0.2248  lr=1.00e-03  elapsed=937s
09:43:36  step=1500  loss=0.2147  lr=1.00e-03  elapsed=1003s
09:44:43  step=1600  loss=0.2278  lr=1.00e-03  elapsed=1070s
09:45:49  step=1700  loss=0.2165  lr=1.00e-03  elapsed=1137s
09:46:56  step=1800  loss=0.2382  lr=1.00e-03  elapsed=1204s
09:48:03  step=1900  loss=0.2283  lr=1.00e-03  elapsed=1270s
09:49:10  step=2000  loss=0.2217  lr=1.00e-03  elapsed=1337s
09:50:56    [val] step=2000  val_loss=0.2297
09:50:57    [val] new best: 0.2297 → saved best.pt
09:52:04  step=2100  loss=0.2014  lr=1.00e-03  elapsed=1511s
09:53:11  step=2200  loss=0.2181  lr=1.00e-03  elapsed=1578s
09:54:17  step=2300  loss=0.2228  lr=1.00e-03  elapsed=1645s
09:55:24  step=2400  loss=0.2104  lr=1.00e-03  elapsed=1711s
09:56:31  step=2500  loss=0.2125  lr=1.00e-03  elapsed=1778s
09:57:38  step=2600  loss=0.2070  lr=1.00e-03  elapsed=1845s
09:58:44  step=2700  loss=0.2046  lr=1.00e-03  elapsed=1912s
09:59:51  step=2800  loss=0.2040  lr=1.00e-03  elapsed=1979s
10:00:58  step=2900  loss=0.2041  lr=1.00e-03  elapsed=2045s
10:02:05  step=3000  loss=0.2064  lr=1.00e-03  elapsed=2112s
10:03:12  step=3100  loss=0.2131  lr=1.00e-03  elapsed=2179s
10:04:18  step=3200  loss=0.2204  lr=1.00e-03  elapsed=2246s
10:05:25  step=3300  loss=0.2032  lr=1.00e-03  elapsed=2312s
10:06:32  step=3400  loss=0.2127  lr=1.00e-03  elapsed=2380s
10:07:39  step=3500  loss=0.2199  lr=1.00e-03  elapsed=2446s
10:08:46  step=3600  loss=0.2038  lr=1.00e-03  elapsed=2513s
10:09:53  step=3700  loss=0.2050  lr=1.00e-03  elapsed=2580s
10:11:00  step=3800  loss=0.2207  lr=1.00e-03  elapsed=2647s
10:12:06  step=3900  loss=0.2004  lr=1.00e-03  elapsed=2714s
10:13:13  step=4000  loss=0.1984  lr=1.00e-03  elapsed=2781s
10:15:00    [val] step=4000  val_loss=0.2172
10:15:00    [val] new best: 0.2172 → saved best.pt
10:16:07  step=4100  loss=0.2043  lr=1.00e-03  elapsed=2955s
10:17:14  step=4200  loss=0.2052  lr=1.00e-03  elapsed=3021s
10:18:21  step=4300  loss=0.2004  lr=1.00e-03  elapsed=3088s
10:19:28  step=4400  loss=0.1889  lr=1.00e-03  elapsed=3155s
10:20:34  step=4500  loss=0.1951  lr=1.00e-03  elapsed=3222s
10:21:41  step=4600  loss=0.1957  lr=1.00e-03  elapsed=3289s
10:22:48  step=4700  loss=0.1925  lr=1.00e-03  elapsed=3355s
10:23:55  step=4800  loss=0.1872  lr=1.00e-03  elapsed=3422s
10:25:02  step=4900  loss=0.1954  lr=1.00e-03  elapsed=3489s
10:26:08  step=5000  loss=0.1949  lr=1.00e-03  elapsed=3556s
10:27:15  step=5100  loss=0.2095  lr=1.00e-03  elapsed=3622s
10:28:22  step=5200  loss=0.2047  lr=1.00e-03  elapsed=3689s
10:29:29  step=5300  loss=0.2105  lr=1.00e-03  elapsed=3756s
10:30:36  step=5400  loss=0.2065  lr=1.00e-03  elapsed=3823s
10:31:42  step=5500  loss=0.1892  lr=1.00e-03  elapsed=3890s
10:32:49  step=5600  loss=0.1958  lr=1.00e-03  elapsed=3957s
10:33:56  step=5700  loss=0.2013  lr=1.00e-03  elapsed=4023s
10:35:03  step=5800  loss=0.2020  lr=1.00e-03  elapsed=4090s
10:36:10  step=5900  loss=0.2038  lr=1.00e-03  elapsed=4157s
10:37:16  step=6000  loss=0.1954  lr=1.00e-03  elapsed=4224s
10:39:03    [val] step=6000  val_loss=0.2041
10:39:04    [val] new best: 0.2041 → saved best.pt
10:40:10  step=6100  loss=0.1972  lr=1.00e-03  elapsed=4398s
10:41:17  step=6200  loss=0.1891  lr=1.00e-03  elapsed=4464s
10:42:24  step=6300  loss=0.1928  lr=1.00e-03  elapsed=4531s
10:43:31  step=6400  loss=0.1970  lr=1.00e-03  elapsed=4598s
10:44:38  step=6500  loss=0.1919  lr=1.00e-03  elapsed=4665s
10:45:44  step=6600  loss=0.1866  lr=1.00e-03  elapsed=4732s
10:46:51  step=6700  loss=0.1891  lr=1.00e-03  elapsed=4798s
10:47:58  step=6800  loss=0.1919  lr=1.00e-03  elapsed=4866s
10:49:05  step=6900  loss=0.1921  lr=1.00e-03  elapsed=4932s
10:50:12  step=7000  loss=0.1937  lr=1.00e-03  elapsed=4999s
10:51:19  step=7100  loss=0.2002  lr=1.00e-03  elapsed=5066s
10:52:25  step=7200  loss=0.1870  lr=1.00e-03  elapsed=5133s
10:53:32  step=7300  loss=0.1789  lr=1.00e-03  elapsed=5199s
10:54:39  step=7400  loss=0.1832  lr=1.00e-03  elapsed=5266s
10:55:46  step=7500  loss=0.1845  lr=1.00e-03  elapsed=5333s
10:56:52  step=7600  loss=0.1773  lr=1.00e-03  elapsed=5400s
10:57:59  step=7700  loss=0.1900  lr=1.00e-03  elapsed=5467s
10:59:06  step=7800  loss=0.1831  lr=1.00e-03  elapsed=5534s
11:00:13  step=7900  loss=0.1792  lr=1.00e-03  elapsed=5600s
11:01:20  step=8000  loss=0.1885  lr=1.00e-03  elapsed=5667s
11:03:06    [val] step=8000  val_loss=0.2055
11:04:13  step=8100  loss=0.1943  lr=1.00e-03  elapsed=5841s
11:05:20  step=8200  loss=0.1875  lr=1.00e-03  elapsed=5907s
11:06:27  step=8300  loss=0.1885  lr=1.00e-03  elapsed=5974s
11:07:34  step=8400  loss=0.1717  lr=1.00e-03  elapsed=6041s
11:08:41  step=8500  loss=0.1746  lr=1.00e-03  elapsed=6108s
11:09:47  step=8600  loss=0.1751  lr=1.00e-03  elapsed=6175s
11:10:54  step=8700  loss=0.1814  lr=1.00e-03  elapsed=6242s
11:12:01  step=8800  loss=0.1832  lr=1.00e-03  elapsed=6309s
11:13:08  step=8900  loss=0.1853  lr=1.00e-03  elapsed=6375s
11:14:15  step=9000  loss=0.1888  lr=1.00e-03  elapsed=6442s
11:15:22  step=9100  loss=0.1819  lr=1.00e-03  elapsed=6509s
11:16:28  step=9200  loss=0.1786  lr=1.00e-03  elapsed=6576s
11:17:35  step=9300  loss=0.1921  lr=1.00e-03  elapsed=6643s
11:18:42  step=9400  loss=0.1870  lr=1.00e-03  elapsed=6709s
11:19:49  step=9500  loss=0.1798  lr=1.00e-03  elapsed=6776s
11:20:56  step=9600  loss=0.1707  lr=1.00e-03  elapsed=6843s
11:22:03  step=9700  loss=0.1720  lr=1.00e-03  elapsed=6910s
11:23:09  step=9800  loss=0.1844  lr=1.00e-03  elapsed=6977s
11:24:16  step=9900  loss=0.1930  lr=1.00e-03  elapsed=7044s
11:25:23  step=10000  loss=0.1856  lr=1.00e-03  elapsed=7111s
11:27:10    [val] step=10000  val_loss=0.1882
11:27:11    [val] new best: 0.1882 → saved best.pt
11:28:18  step=10100  loss=0.1687  lr=1.00e-03  elapsed=7285s
11:29:25  step=10200  loss=0.1973  lr=1.00e-03  elapsed=7352s
11:30:32  step=10300  loss=0.1762  lr=1.00e-03  elapsed=7419s
11:31:39  step=10400  loss=0.1775  lr=1.00e-03  elapsed=7486s
11:32:45  step=10500  loss=0.1730  lr=1.00e-03  elapsed=7553s
11:33:52  step=10600  loss=0.1723  lr=1.00e-03  elapsed=7619s
11:34:59  step=10700  loss=0.1774  lr=1.00e-03  elapsed=7686s
11:36:06  step=10800  loss=0.1689  lr=1.00e-03  elapsed=7753s
11:37:13  step=10900  loss=0.1839  lr=1.00e-03  elapsed=7820s
11:38:20  step=11000  loss=0.1683  lr=1.00e-03  elapsed=7887s
11:39:26  step=11100  loss=0.1921  lr=1.00e-03  elapsed=7954s
11:40:33  step=11200  loss=0.1823  lr=1.00e-03  elapsed=8020s
11:41:40  step=11300  loss=0.1730  lr=1.00e-03  elapsed=8087s
11:42:47  step=11400  loss=0.1788  lr=1.00e-03  elapsed=8154s
11:43:54  step=11500  loss=0.1727  lr=1.00e-03  elapsed=8221s
11:45:00  step=11600  loss=0.1732  lr=1.00e-03  elapsed=8288s
11:46:07  step=11700  loss=0.1770  lr=1.00e-03  elapsed=8355s
11:47:14  step=11800  loss=0.1773  lr=1.00e-03  elapsed=8421s
11:48:21  step=11900  loss=0.1800  lr=1.00e-03  elapsed=8488s
11:49:28  step=12000  loss=0.1662  lr=1.00e-03  elapsed=8555s
11:51:14    [val] step=12000  val_loss=0.1796
11:51:15    [val] new best: 0.1796 → saved best.pt
11:52:22  step=12100  loss=0.1767  lr=1.00e-03  elapsed=8729s
11:53:29  step=12200  loss=0.1663  lr=1.00e-03  elapsed=8796s
11:54:36  step=12300  loss=0.1667  lr=1.00e-03  elapsed=8863s
11:55:42  step=12400  loss=0.1644  lr=1.00e-03  elapsed=8930s
11:56:49  step=12500  loss=0.1923  lr=1.00e-03  elapsed=8997s
11:57:56  step=12600  loss=0.1764  lr=1.00e-03  elapsed=9063s
11:59:03  step=12700  loss=0.1700  lr=1.00e-03  elapsed=9130s
12:00:10  step=12800  loss=0.1801  lr=1.00e-03  elapsed=9197s
12:01:16  step=12900  loss=0.1689  lr=1.00e-03  elapsed=9264s
12:02:23  step=13000  loss=0.1672  lr=1.00e-03  elapsed=9331s
12:03:30  step=13100  loss=0.1702  lr=1.00e-03  elapsed=9397s
12:04:37  step=13200  loss=0.1808  lr=1.00e-03  elapsed=9464s
12:05:44  step=13300  loss=0.1801  lr=1.00e-03  elapsed=9531s
12:06:51  step=13400  loss=0.1637  lr=1.00e-03  elapsed=9598s
12:07:58  step=13500  loss=0.1683  lr=1.00e-03  elapsed=9665s
12:09:04  step=13600  loss=0.1680  lr=1.00e-03  elapsed=9732s
12:10:11  step=13700  loss=0.1619  lr=1.00e-03  elapsed=9799s
12:11:18  step=13800  loss=0.1633  lr=1.00e-03  elapsed=9865s
12:12:25  step=13900  loss=0.1589  lr=1.00e-03  elapsed=9932s
12:13:32  step=14000  loss=0.1657  lr=1.00e-03  elapsed=9999s
12:14:53  Device: cuda
12:14:55  Parameters: {'band_split': '35,972', 'visual_conditioning': '426,368', 'band_sequence_rnn': '4,360,704', 'mask_decoder': '7,910,428', 'total': '12,733,472'}
12:14:55  Train samples=13430  Val samples=1535
12:21:25  Device: cuda
12:21:27  Scheduler type mismatch — checkpoint keys ['gamma', 'step_size'] not in current scheduler (which has ['T_max', 'eta_min']). Skipping saved state; fast-forwarding new scheduler 12000 steps instead.
12:21:27  Resumed from /kaggle/working/run1/last.pt at step 12000 (best val=0.1796)
12:21:27  Parameters: {'band_split': '35,972', 'visual_conditioning': '426,368', 'band_sequence_rnn': '4,360,704', 'mask_decoder': '7,910,428', 'total': '12,733,472'}
12:21:27  Train samples=13430  Val samples=1535
12:22:03  step=12050  loss=0.1600  lr=7.94e-04  elapsed=36s
12:22:36  step=12100  loss=0.1594  lr=7.93e-04  elapsed=70s
12:23:10  step=12150  loss=0.1648  lr=7.91e-04  elapsed=104s
12:23:44  step=12200  loss=0.1727  lr=7.90e-04  elapsed=138s
12:24:18  step=12250  loss=0.1608  lr=7.88e-04  elapsed=171s
12:24:52  step=12300  loss=0.1665  lr=7.86e-04  elapsed=205s
12:25:26  step=12350  loss=0.1610  lr=7.85e-04  elapsed=239s
12:25:59  step=12400  loss=0.1659  lr=7.83e-04  elapsed=273s
12:26:33  step=12450  loss=0.1593  lr=7.82e-04  elapsed=307s
12:27:07  step=12500  loss=0.1666  lr=7.80e-04  elapsed=341s
12:27:41  step=12550  loss=0.1727  lr=7.78e-04  elapsed=374s
12:28:15  step=12600  loss=0.1642  lr=7.77e-04  elapsed=408s
12:28:49  step=12650  loss=0.1774  lr=7.75e-04  elapsed=442s
12:29:23  step=12700  loss=0.1645  lr=7.74e-04  elapsed=476s
12:29:57  step=12750  loss=0.1830  lr=7.72e-04  elapsed=510s
12:30:31  step=12800  loss=0.1695  lr=7.70e-04  elapsed=544s
12:31:04  step=12850  loss=0.1622  lr=7.69e-04  elapsed=578s
12:31:38  step=12900  loss=0.1589  lr=7.67e-04  elapsed=612s
12:32:12  step=12950  loss=0.1858  lr=7.65e-04  elapsed=646s
12:32:46  step=13000  loss=0.1630  lr=7.64e-04  elapsed=679s
12:33:20  step=13050  loss=0.1683  lr=7.62e-04  elapsed=713s
12:33:54  step=13100  loss=0.1567  lr=7.60e-04  elapsed=747s
12:34:28  step=13150  loss=0.1717  lr=7.59e-04  elapsed=781s
12:35:02  step=13200  loss=0.1534  lr=7.57e-04  elapsed=815s
12:35:36  step=13250  loss=0.1822  lr=7.55e-04  elapsed=849s
12:36:09  step=13300  loss=0.1645  lr=7.54e-04  elapsed=883s
12:36:43  step=13350  loss=0.1722  lr=7.52e-04  elapsed=916s
12:37:17  step=13400  loss=0.1630  lr=7.50e-04  elapsed=950s
12:37:51  step=13450  loss=0.1458  lr=7.49e-04  elapsed=984s
12:38:25  step=13500  loss=0.1642  lr=7.47e-04  elapsed=1018s
12:38:59  step=13550  loss=0.1638  lr=7.45e-04  elapsed=1052s
12:39:33  step=13600  loss=0.1609  lr=7.43e-04  elapsed=1086s
12:40:06  step=13650  loss=0.1720  lr=7.42e-04  elapsed=1120s
12:40:40  step=13700  loss=0.1624  lr=7.40e-04  elapsed=1154s
12:41:14  step=13750  loss=0.1595  lr=7.38e-04  elapsed=1188s
12:41:48  step=13800  loss=0.1729  lr=7.37e-04  elapsed=1221s
12:42:22  step=13850  loss=0.1782  lr=7.35e-04  elapsed=1255s
12:42:56  step=13900  loss=0.1584  lr=7.33e-04  elapsed=1289s
12:43:30  step=13950  loss=0.1481  lr=7.31e-04  elapsed=1323s
12:44:04  step=14000  loss=0.1661  lr=7.30e-04  elapsed=1357s
12:44:37  step=14050  loss=0.1727  lr=7.28e-04  elapsed=1391s
12:45:11  step=14100  loss=0.1633  lr=7.26e-04  elapsed=1425s
12:45:45  step=14150  loss=0.1566  lr=7.25e-04  elapsed=1459s
12:46:19  step=14200  loss=0.1673  lr=7.23e-04  elapsed=1493s
12:46:53  step=14250  loss=0.1757  lr=7.21e-04  elapsed=1527s
12:47:27  step=14300  loss=0.1525  lr=7.19e-04  elapsed=1561s
12:48:01  step=14350  loss=0.1472  lr=7.18e-04  elapsed=1594s
12:48:35  step=14400  loss=0.1622  lr=7.16e-04  elapsed=1628s
12:49:09  step=14450  loss=0.1610  lr=7.14e-04  elapsed=1662s
12:49:43  step=14500  loss=0.1772  lr=7.12e-04  elapsed=1696s
12:50:17  step=14550  loss=0.1687  lr=7.10e-04  elapsed=1730s
12:50:51  step=14600  loss=0.1666  lr=7.09e-04  elapsed=1764s
12:51:24  step=14650  loss=0.1660  lr=7.07e-04  elapsed=1798s
12:51:58  step=14700  loss=0.1595  lr=7.05e-04  elapsed=1832s
12:52:32  step=14750  loss=0.1548  lr=7.03e-04  elapsed=1866s
12:53:06  step=14800  loss=0.1733  lr=7.02e-04  elapsed=1900s
12:53:40  step=14850  loss=0.1562  lr=7.00e-04  elapsed=1934s
12:54:14  step=14900  loss=0.1534  lr=6.98e-04  elapsed=1968s
12:54:48  step=14950  loss=0.1535  lr=6.96e-04  elapsed=2002s
12:55:22  step=15000  loss=0.1732  lr=6.94e-04  elapsed=2035s
12:57:09    [val] step=15000  val_loss=0.1713
12:57:10    [val] new best: 0.1713 → saved best.pt
12:57:44  step=15050  loss=0.1697  lr=6.93e-04  elapsed=2177s
12:58:18  step=15100  loss=0.1405  lr=6.91e-04  elapsed=2211s
12:58:52  step=15150  loss=0.1537  lr=6.89e-04  elapsed=2245s
12:59:26  step=15200  loss=0.1410  lr=6.87e-04  elapsed=2279s
12:59:59  step=15250  loss=0.1578  lr=6.85e-04  elapsed=2313s
13:00:33  step=15300  loss=0.1635  lr=6.84e-04  elapsed=2347s
13:01:07  step=15350  loss=0.1608  lr=6.82e-04  elapsed=2381s
13:01:42  step=15400  loss=0.1606  lr=6.80e-04  elapsed=2415s
13:02:15  step=15450  loss=0.1679  lr=6.78e-04  elapsed=2449s
13:02:49  step=15500  loss=0.1582  lr=6.76e-04  elapsed=2483s
13:03:23  step=15550  loss=0.1706  lr=6.75e-04  elapsed=2517s
13:03:57  step=15600  loss=0.1532  lr=6.73e-04  elapsed=2551s
13:04:31  step=15650  loss=0.1418  lr=6.71e-04  elapsed=2584s
13:05:05  step=15700  loss=0.1523  lr=6.69e-04  elapsed=2618s
13:05:39  step=15750  loss=0.1533  lr=6.67e-04  elapsed=2652s
13:06:13  step=15800  loss=0.1590  lr=6.65e-04  elapsed=2686s
13:06:46  step=15850  loss=0.1538  lr=6.63e-04  elapsed=2720s
13:07:20  step=15900  loss=0.1603  lr=6.62e-04  elapsed=2754s
13:07:54  step=15950  loss=0.1586  lr=6.60e-04  elapsed=2787s
13:08:28  step=16000  loss=0.1577  lr=6.58e-04  elapsed=2821s
13:09:02  step=16050  loss=0.1662  lr=6.56e-04  elapsed=2855s
13:09:36  step=16100  loss=0.1620  lr=6.54e-04  elapsed=2889s
13:10:09  step=16150  loss=0.1570  lr=6.52e-04  elapsed=2923s
13:10:43  step=16200  loss=0.1507  lr=6.51e-04  elapsed=2957s
13:11:17  step=16250  loss=0.1516  lr=6.49e-04  elapsed=2991s
13:11:51  step=16300  loss=0.1578  lr=6.47e-04  elapsed=3025s
13:12:25  step=16350  loss=0.1654  lr=6.45e-04  elapsed=3058s
13:12:59  step=16400  loss=0.1539  lr=6.43e-04  elapsed=3092s
13:13:33  step=16450  loss=0.1579  lr=6.41e-04  elapsed=3126s
13:14:07  step=16500  loss=0.1561  lr=6.39e-04  elapsed=3160s
13:14:40  step=16550  loss=0.1525  lr=6.37e-04  elapsed=3194s
13:15:14  step=16600  loss=0.1577  lr=6.36e-04  elapsed=3228s
13:15:48  step=16650  loss=0.1467  lr=6.34e-04  elapsed=3262s
13:16:22  step=16700  loss=0.1582  lr=6.32e-04  elapsed=3296s
13:16:56  step=16750  loss=0.1537  lr=6.30e-04  elapsed=3329s
13:17:30  step=16800  loss=0.1577  lr=6.28e-04  elapsed=3363s
13:18:04  step=16850  loss=0.1406  lr=6.26e-04  elapsed=3397s
13:18:38  step=16900  loss=0.1491  lr=6.24e-04  elapsed=3431s
13:19:12  step=16950  loss=0.1462  lr=6.22e-04  elapsed=3465s
13:19:46  step=17000  loss=0.1479  lr=6.21e-04  elapsed=3499s
13:20:20  step=17050  loss=0.1595  lr=6.19e-04  elapsed=3533s
13:20:54  step=17100  loss=0.1608  lr=6.17e-04  elapsed=3567s
13:21:28  step=17150  loss=0.1694  lr=6.15e-04  elapsed=3601s
13:22:01  step=17200  loss=0.1600  lr=6.13e-04  elapsed=3635s
13:22:35  step=17250  loss=0.1418  lr=6.11e-04  elapsed=3668s
13:23:09  step=17300  loss=0.1591  lr=6.09e-04  elapsed=3702s
13:23:43  step=17350  loss=0.1571  lr=6.07e-04  elapsed=3736s
13:24:17  step=17400  loss=0.1487  lr=6.05e-04  elapsed=3770s
13:24:51  step=17450  loss=0.1563  lr=6.03e-04  elapsed=3804s
13:25:24  step=17500  loss=0.1570  lr=6.02e-04  elapsed=3838s
13:25:58  step=17550  loss=0.1499  lr=6.00e-04  elapsed=3872s
13:26:32  step=17600  loss=0.1525  lr=5.98e-04  elapsed=3906s
13:27:06  step=17650  loss=0.1543  lr=5.96e-04  elapsed=3939s
13:27:40  step=17700  loss=0.1613  lr=5.94e-04  elapsed=3973s
13:28:14  step=17750  loss=0.1568  lr=5.92e-04  elapsed=4007s
13:28:48  step=17800  loss=0.1675  lr=5.90e-04  elapsed=4041s
13:29:21  step=17850  loss=0.1513  lr=5.88e-04  elapsed=4075s
13:29:55  step=17900  loss=0.1491  lr=5.86e-04  elapsed=4109s
13:30:29  step=17950  loss=0.1510  lr=5.84e-04  elapsed=4143s
13:31:03  step=18000  loss=0.1463  lr=5.82e-04  elapsed=4177s
13:32:50    [val] step=18000  val_loss=0.1597
13:32:50    [val] new best: 0.1597 → saved best.pt
13:33:24  step=18050  loss=0.1527  lr=5.81e-04  elapsed=4318s
13:33:58  step=18100  loss=0.1538  lr=5.79e-04  elapsed=4351s
13:34:32  step=18150  loss=0.1455  lr=5.77e-04  elapsed=4385s
13:35:06  step=18200  loss=0.1532  lr=5.75e-04  elapsed=4419s
13:35:40  step=18250  loss=0.1466  lr=5.73e-04  elapsed=4453s
13:36:13  step=18300  loss=0.1426  lr=5.71e-04  elapsed=4487s
13:36:47  step=18350  loss=0.1444  lr=5.69e-04  elapsed=4521s
13:37:21  step=18400  loss=0.1535  lr=5.67e-04  elapsed=4555s
13:37:55  step=18450  loss=0.1455  lr=5.65e-04  elapsed=4589s
13:38:29  step=18500  loss=0.1646  lr=5.63e-04  elapsed=4622s
13:39:03  step=18550  loss=0.1565  lr=5.61e-04  elapsed=4656s
13:39:37  step=18600  loss=0.1671  lr=5.59e-04  elapsed=4690s
13:40:11  step=18650  loss=0.1497  lr=5.57e-04  elapsed=4724s
13:40:45  step=18700  loss=0.1464  lr=5.55e-04  elapsed=4758s
13:41:19  step=18750  loss=0.1490  lr=5.54e-04  elapsed=4792s
13:41:53  step=18800  loss=0.1484  lr=5.52e-04  elapsed=4826s
13:42:27  step=18850  loss=0.1490  lr=5.50e-04  elapsed=4860s
13:43:00  step=18900  loss=0.1477  lr=5.48e-04  elapsed=4894s
13:43:34  step=18950  loss=0.1375  lr=5.46e-04  elapsed=4928s
13:44:08  step=19000  loss=0.1445  lr=5.44e-04  elapsed=4962s
13:44:42  step=19050  loss=0.1474  lr=5.42e-04  elapsed=4995s
13:45:16  step=19100  loss=0.1587  lr=5.40e-04  elapsed=5029s
13:45:50  step=19150  loss=0.1623  lr=5.38e-04  elapsed=5063s
13:46:24  step=19200  loss=0.1544  lr=5.36e-04  elapsed=5097s
13:46:58  step=19250  loss=0.1611  lr=5.34e-04  elapsed=5131s
13:47:32  step=19300  loss=0.1355  lr=5.32e-04  elapsed=5165s
13:48:06  step=19350  loss=0.1463  lr=5.30e-04  elapsed=5199s
13:48:40  step=19400  loss=0.1492  lr=5.28e-04  elapsed=5233s
13:49:14  step=19450  loss=0.1423  lr=5.26e-04  elapsed=5267s
13:49:48  step=19500  loss=0.1563  lr=5.24e-04  elapsed=5301s
13:50:22  step=19550  loss=0.1452  lr=5.22e-04  elapsed=5335s
13:50:56  step=19600  loss=0.1488  lr=5.21e-04  elapsed=5369s
13:51:30  step=19650  loss=0.1543  lr=5.19e-04  elapsed=5403s
13:52:04  step=19700  loss=0.1575  lr=5.17e-04  elapsed=5437s
13:52:38  step=19750  loss=0.1389  lr=5.15e-04  elapsed=5471s
13:53:11  step=19800  loss=0.1410  lr=5.13e-04  elapsed=5505s
13:53:45  step=19850  loss=0.1598  lr=5.11e-04  elapsed=5539s
13:54:19  step=19900  loss=0.1528  lr=5.09e-04  elapsed=5573s
13:54:53  step=19950  loss=0.1457  lr=5.07e-04  elapsed=5607s
13:55:27  step=20000  loss=0.1560  lr=5.05e-04  elapsed=5641s
13:56:01  step=20050  loss=0.1407  lr=5.03e-04  elapsed=5674s
13:56:35  step=20100  loss=0.1450  lr=5.01e-04  elapsed=5708s
13:57:09  step=20150  loss=0.1554  lr=4.99e-04  elapsed=5742s
13:57:43  step=20200  loss=0.1493  lr=4.97e-04  elapsed=5776s
13:58:17  step=20250  loss=0.1534  lr=4.95e-04  elapsed=5810s
13:58:51  step=20300  loss=0.1490  lr=4.93e-04  elapsed=5844s
13:59:25  step=20350  loss=0.1511  lr=4.91e-04  elapsed=5878s
13:59:59  step=20400  loss=0.1446  lr=4.89e-04  elapsed=5912s
14:00:33  step=20450  loss=0.1350  lr=4.88e-04  elapsed=5946s
14:01:07  step=20500  loss=0.1574  lr=4.86e-04  elapsed=5980s
14:01:41  step=20550  loss=0.1443  lr=4.84e-04  elapsed=6014s
14:02:15  step=20600  loss=0.1431  lr=4.82e-04  elapsed=6048s
14:02:48  step=20650  loss=0.1546  lr=4.80e-04  elapsed=6082s
14:03:22  step=20700  loss=0.1561  lr=4.78e-04  elapsed=6116s
14:03:56  step=20750  loss=0.1575  lr=4.76e-04  elapsed=6150s
14:04:30  step=20800  loss=0.1495  lr=4.74e-04  elapsed=6184s
14:05:04  step=20850  loss=0.1557  lr=4.72e-04  elapsed=6218s
14:05:38  step=20900  loss=0.1556  lr=4.70e-04  elapsed=6252s
14:06:12  step=20950  loss=0.1587  lr=4.68e-04  elapsed=6286s
14:06:46  step=21000  loss=0.1433  lr=4.66e-04  elapsed=6320s
14:08:33    [val] step=21000  val_loss=0.1545
14:08:34    [val] new best: 0.1545 → saved best.pt
14:09:08  step=21050  loss=0.1352  lr=4.64e-04  elapsed=6461s
14:09:42  step=21100  loss=0.1459  lr=4.62e-04  elapsed=6495s
14:10:16  step=21150  loss=0.1461  lr=4.60e-04  elapsed=6529s
14:10:50  step=21200  loss=0.1440  lr=4.58e-04  elapsed=6563s
14:11:24  step=21250  loss=0.1493  lr=4.56e-04  elapsed=6597s
14:11:57  step=21300  loss=0.1432  lr=4.55e-04  elapsed=6631s
14:12:31  step=21350  loss=0.1398  lr=4.53e-04  elapsed=6665s
14:13:05  step=21400  loss=0.1324  lr=4.51e-04  elapsed=6699s
14:13:39  step=21450  loss=0.1543  lr=4.49e-04  elapsed=6733s
14:14:13  step=21500  loss=0.1514  lr=4.47e-04  elapsed=6767s
14:14:47  step=21550  loss=0.1414  lr=4.45e-04  elapsed=6801s
14:15:21  step=21600  loss=0.1441  lr=4.43e-04  elapsed=6834s
14:15:55  step=21650  loss=0.1505  lr=4.41e-04  elapsed=6868s
14:16:29  step=21700  loss=0.1585  lr=4.39e-04  elapsed=6902s
14:17:03  step=21750  loss=0.1409  lr=4.37e-04  elapsed=6936s
14:17:37  step=21800  loss=0.1319  lr=4.35e-04  elapsed=6970s
14:18:11  step=21850  loss=0.1554  lr=4.33e-04  elapsed=7004s
14:18:45  step=21900  loss=0.1434  lr=4.31e-04  elapsed=7038s
14:19:19  step=21950  loss=0.1542  lr=4.29e-04  elapsed=7072s
14:19:52  step=22000  loss=0.1618  lr=4.28e-04  elapsed=7106s
14:20:26  step=22050  loss=0.1437  lr=4.26e-04  elapsed=7140s
14:21:01  step=22100  loss=0.1428  lr=4.24e-04  elapsed=7174s
14:21:34  step=22150  loss=0.1570  lr=4.22e-04  elapsed=7208s
14:22:08  step=22200  loss=0.1361  lr=4.20e-04  elapsed=7242s
14:22:43  step=22250  loss=0.1505  lr=4.18e-04  elapsed=7276s
14:23:17  step=22300  loss=0.1426  lr=4.16e-04  elapsed=7310s
14:23:50  step=22350  loss=0.1409  lr=4.14e-04  elapsed=7344s
14:24:24  step=22400  loss=0.1468  lr=4.12e-04  elapsed=7378s
14:24:58  step=22450  loss=0.1521  lr=4.10e-04  elapsed=7412s
14:25:32  step=22500  loss=0.1455  lr=4.08e-04  elapsed=7445s
14:26:06  step=22550  loss=0.1389  lr=4.07e-04  elapsed=7479s
14:26:40  step=22600  loss=0.1526  lr=4.05e-04  elapsed=7513s
14:27:14  step=22650  loss=0.1448  lr=4.03e-04  elapsed=7547s
14:27:48  step=22700  loss=0.1485  lr=4.01e-04  elapsed=7581s
14:28:21  step=22750  loss=0.1504  lr=3.99e-04  elapsed=7615s
14:28:55  step=22800  loss=0.1564  lr=3.97e-04  elapsed=7649s
14:29:29  step=22850  loss=0.1403  lr=3.95e-04  elapsed=7683s
14:30:03  step=22900  loss=0.1447  lr=3.93e-04  elapsed=7717s
14:30:37  step=22950  loss=0.1477  lr=3.91e-04  elapsed=7750s
14:31:11  step=23000  loss=0.1466  lr=3.89e-04  elapsed=7784s
14:31:45  step=23050  loss=0.1377  lr=3.88e-04  elapsed=7818s
14:32:19  step=23100  loss=0.1427  lr=3.86e-04  elapsed=7852s
14:32:53  step=23150  loss=0.1359  lr=3.84e-04  elapsed=7886s
14:33:26  step=23200  loss=0.1558  lr=3.82e-04  elapsed=7920s
14:34:00  step=23250  loss=0.1519  lr=3.80e-04  elapsed=7954s
14:34:34  step=23300  loss=0.1487  lr=3.78e-04  elapsed=7988s
14:35:08  step=23350  loss=0.1428  lr=3.76e-04  elapsed=8021s
14:35:42  step=23400  loss=0.1256  lr=3.74e-04  elapsed=8055s
14:36:16  step=23450  loss=0.1403  lr=3.73e-04  elapsed=8089s
14:36:49  step=23500  loss=0.1444  lr=3.71e-04  elapsed=8123s
14:37:23  step=23550  loss=0.1286  lr=3.69e-04  elapsed=8157s
14:37:57  step=23600  loss=0.1463  lr=3.67e-04  elapsed=8191s
14:38:31  step=23650  loss=0.1522  lr=3.65e-04  elapsed=8225s
14:39:05  step=23700  loss=0.1476  lr=3.63e-04  elapsed=8259s
14:39:39  step=23750  loss=0.1481  lr=3.61e-04  elapsed=8293s
14:40:13  step=23800  loss=0.1421  lr=3.59e-04  elapsed=8327s
14:40:47  step=23850  loss=0.1406  lr=3.58e-04  elapsed=8360s
14:41:21  step=23900  loss=0.1486  lr=3.56e-04  elapsed=8394s
14:41:55  step=23950  loss=0.1446  lr=3.54e-04  elapsed=8428s
14:42:29  step=24000  loss=0.1383  lr=3.52e-04  elapsed=8462s
14:44:15    [val] step=24000  val_loss=0.1494
14:44:16    [val] new best: 0.1494 → saved best.pt
14:44:50  step=24050  loss=0.1387  lr=3.50e-04  elapsed=8603s
14:45:24  step=24100  loss=0.1443  lr=3.48e-04  elapsed=8637s
14:45:58  step=24150  loss=0.1434  lr=3.47e-04  elapsed=8671s
14:46:32  step=24200  loss=0.1369  lr=3.45e-04  elapsed=8705s
14:47:06  step=24250  loss=0.1520  lr=3.43e-04  elapsed=8739s
14:47:40  step=24300  loss=0.1463  lr=3.41e-04  elapsed=8773s
14:48:14  step=24350  loss=0.1548  lr=3.39e-04  elapsed=8807s
14:48:48  step=24400  loss=0.1385  lr=3.37e-04  elapsed=8841s
14:49:21  step=24450  loss=0.1454  lr=3.35e-04  elapsed=8875s
14:49:55  step=24500  loss=0.1326  lr=3.34e-04  elapsed=8909s
14:50:29  step=24550  loss=0.1422  lr=3.32e-04  elapsed=8943s
14:51:03  step=24600  loss=0.1414  lr=3.30e-04  elapsed=8977s
14:51:37  step=24650  loss=0.1419  lr=3.28e-04  elapsed=9011s
14:52:11  step=24700  loss=0.1529  lr=3.26e-04  elapsed=9044s
14:52:45  step=24750  loss=0.1599  lr=3.25e-04  elapsed=9078s
14:53:19  step=24800  loss=0.1408  lr=3.23e-04  elapsed=9112s
14:53:53  step=24850  loss=0.1534  lr=3.21e-04  elapsed=9146s
14:54:27  step=24900  loss=0.1408  lr=3.19e-04  elapsed=9180s
14:55:01  step=24950  loss=0.1455  lr=3.17e-04  elapsed=9214s
14:55:34  step=25000  loss=0.1357  lr=3.16e-04  elapsed=9248s
14:56:08  step=25050  loss=0.1422  lr=3.14e-04  elapsed=9282s
14:56:42  step=25100  loss=0.1497  lr=3.12e-04  elapsed=9316s
14:57:16  step=25150  loss=0.1364  lr=3.10e-04  elapsed=9349s
14:57:50  step=25200  loss=0.1452  lr=3.08e-04  elapsed=9383s
14:58:24  step=25250  loss=0.1384  lr=3.07e-04  elapsed=9417s
14:58:58  step=25300  loss=0.1462  lr=3.05e-04  elapsed=9451s
14:59:32  step=25350  loss=0.1336  lr=3.03e-04  elapsed=9485s
15:00:06  step=25400  loss=0.1328  lr=3.01e-04  elapsed=9519s
15:00:40  step=25450  loss=0.1378  lr=3.00e-04  elapsed=9553s
15:01:14  step=25500  loss=0.1258  lr=2.98e-04  elapsed=9587s
15:01:48  step=25550  loss=0.1454  lr=2.96e-04  elapsed=9621s
15:02:21  step=25600  loss=0.1328  lr=2.94e-04  elapsed=9655s
15:02:55  step=25650  loss=0.1289  lr=2.92e-04  elapsed=9689s
15:03:29  step=25700  loss=0.1334  lr=2.91e-04  elapsed=9722s
15:04:03  step=25750  loss=0.1377  lr=2.89e-04  elapsed=9756s
15:04:37  step=25800  loss=0.1355  lr=2.87e-04  elapsed=9790s
15:05:11  step=25850  loss=0.1274  lr=2.85e-04  elapsed=9824s
15:05:45  step=25900  loss=0.1378  lr=2.84e-04  elapsed=9858s
15:06:19  step=25950  loss=0.1344  lr=2.82e-04  elapsed=9892s
15:06:52  step=26000  loss=0.1462  lr=2.80e-04  elapsed=9926s
15:07:26  step=26050  loss=0.1456  lr=2.79e-04  elapsed=9960s
15:08:00  step=26100  loss=0.1401  lr=2.77e-04  elapsed=9994s
15:08:34  step=26150  loss=0.1360  lr=2.75e-04  elapsed=10027s
15:09:08  step=26200  loss=0.1384  lr=2.73e-04  elapsed=10061s
15:09:42  step=26250  loss=0.1446  lr=2.72e-04  elapsed=10095s
15:10:16  step=26300  loss=0.1337  lr=2.70e-04  elapsed=10129s
15:10:50  step=26350  loss=0.1362  lr=2.68e-04  elapsed=10163s
15:11:23  step=26400  loss=0.1247  lr=2.67e-04  elapsed=10197s
15:11:57  step=26450  loss=0.1428  lr=2.65e-04  elapsed=10231s
15:12:31  step=26500  loss=0.1320  lr=2.63e-04  elapsed=10264s
15:13:05  step=26550  loss=0.1415  lr=2.61e-04  elapsed=10298s
15:13:39  step=26600  loss=0.1540  lr=2.60e-04  elapsed=10332s
15:14:13  step=26650  loss=0.1399  lr=2.58e-04  elapsed=10366s
15:14:47  step=26700  loss=0.1492  lr=2.56e-04  elapsed=10400s
15:15:21  step=26750  loss=0.1371  lr=2.55e-04  elapsed=10434s
15:15:55  step=26800  loss=0.1457  lr=2.53e-04  elapsed=10468s
15:16:28  step=26850  loss=0.1306  lr=2.51e-04  elapsed=10502s
15:17:02  step=26900  loss=0.1273  lr=2.50e-04  elapsed=10536s
15:17:36  step=26950  loss=0.1332  lr=2.48e-04  elapsed=10569s
15:18:10  step=27000  loss=0.1362  lr=2.46e-04  elapsed=10603s
15:19:57    [val] step=27000  val_loss=0.1458
15:19:58    [val] new best: 0.1458 → saved best.pt
15:20:31  step=27050  loss=0.1351  lr=2.45e-04  elapsed=10745s
15:21:05  step=27100  loss=0.1351  lr=2.43e-04  elapsed=10779s
15:21:39  step=27150  loss=0.1557  lr=2.41e-04  elapsed=10813s
15:22:13  step=27200  loss=0.1402  lr=2.40e-04  elapsed=10846s
15:22:47  step=27250  loss=0.1329  lr=2.38e-04  elapsed=10880s
15:23:21  step=27300  loss=0.1351  lr=2.36e-04  elapsed=10914s
15:23:55  step=27350  loss=0.1419  lr=2.35e-04  elapsed=10948s
15:24:29  step=27400  loss=0.1277  lr=2.33e-04  elapsed=10982s
15:25:03  step=27450  loss=0.1413  lr=2.32e-04  elapsed=11016s
15:25:36  step=27500  loss=0.1311  lr=2.30e-04  elapsed=11050s
15:26:10  step=27550  loss=0.1433  lr=2.28e-04  elapsed=11084s
15:26:44  step=27600  loss=0.1402  lr=2.27e-04  elapsed=11118s
15:27:18  step=27650  loss=0.1344  lr=2.25e-04  elapsed=11152s
15:27:52  step=27700  loss=0.1317  lr=2.24e-04  elapsed=11185s
15:28:26  step=27750  loss=0.1299  lr=2.22e-04  elapsed=11219s
15:29:00  step=27800  loss=0.1264  lr=2.20e-04  elapsed=11253s
15:29:33  step=27850  loss=0.1353  lr=2.19e-04  elapsed=11287s
15:30:07  step=27900  loss=0.1390  lr=2.17e-04  elapsed=11321s
15:30:41  step=27950  loss=0.1335  lr=2.16e-04  elapsed=11354s
15:31:15  step=28000  loss=0.1432  lr=2.14e-04  elapsed=11388s
15:31:49  step=28050  loss=0.1333  lr=2.12e-04  elapsed=11422s
15:32:23  step=28100  loss=0.1315  lr=2.11e-04  elapsed=11456s
15:32:57  step=28150  loss=0.1269  lr=2.09e-04  elapsed=11490s
15:33:31  step=28200  loss=0.1355  lr=2.08e-04  elapsed=11524s
15:34:04  step=28250  loss=0.1316  lr=2.06e-04  elapsed=11558s
15:34:38  step=28300  loss=0.1437  lr=2.05e-04  elapsed=11592s
15:35:12  step=28350  loss=0.1398  lr=2.03e-04  elapsed=11626s
15:35:46  step=28400  loss=0.1362  lr=2.02e-04  elapsed=11659s
15:36:20  step=28450  loss=0.1341  lr=2.00e-04  elapsed=11693s
15:36:54  step=28500  loss=0.1408  lr=1.99e-04  elapsed=11727s
15:37:28  step=28550  loss=0.1420  lr=1.97e-04  elapsed=11761s
15:38:02  step=28600  loss=0.1379  lr=1.96e-04  elapsed=11795s
15:38:36  step=28650  loss=0.1338  lr=1.94e-04  elapsed=11829s
15:39:10  step=28700  loss=0.1321  lr=1.92e-04  elapsed=11863s
15:39:44  step=28750  loss=0.1272  lr=1.91e-04  elapsed=11897s
15:40:18  step=28800  loss=0.1313  lr=1.89e-04  elapsed=11931s
15:40:52  step=28850  loss=0.1357  lr=1.88e-04  elapsed=11965s
15:41:26  step=28900  loss=0.1287  lr=1.86e-04  elapsed=11999s
15:41:59  step=28950  loss=0.1389  lr=1.85e-04  elapsed=12033s
15:42:33  step=29000  loss=0.1313  lr=1.84e-04  elapsed=12067s
15:43:07  step=29050  loss=0.1430  lr=1.82e-04  elapsed=12100s
15:43:41  step=29100  loss=0.1237  lr=1.81e-04  elapsed=12134s
15:44:15  step=29150  loss=0.1362  lr=1.79e-04  elapsed=12168s
15:44:49  step=29200  loss=0.1441  lr=1.78e-04  elapsed=12202s
15:45:22  step=29250  loss=0.1276  lr=1.76e-04  elapsed=12236s
15:45:56  step=29300  loss=0.1328  lr=1.75e-04  elapsed=12270s
15:46:30  step=29350  loss=0.1349  lr=1.73e-04  elapsed=12304s
15:47:04  step=29400  loss=0.1333  lr=1.72e-04  elapsed=12337s
15:47:38  step=29450  loss=0.1286  lr=1.70e-04  elapsed=12371s
15:48:12  step=29500  loss=0.1312  lr=1.69e-04  elapsed=12405s
15:48:46  step=29550  loss=0.1326  lr=1.68e-04  elapsed=12439s
15:49:19  step=29600  loss=0.1313  lr=1.66e-04  elapsed=12473s
15:49:53  step=29650  loss=0.1324  lr=1.65e-04  elapsed=12507s
15:50:27  step=29700  loss=0.1282  lr=1.63e-04  elapsed=12540s
15:51:01  step=29750  loss=0.1356  lr=1.62e-04  elapsed=12574s
15:51:35  step=29800  loss=0.1190  lr=1.61e-04  elapsed=12608s
15:52:09  step=29850  loss=0.1454  lr=1.59e-04  elapsed=12642s
15:52:42  step=29900  loss=0.1349  lr=1.58e-04  elapsed=12676s
15:53:16  step=29950  loss=0.1210  lr=1.56e-04  elapsed=12709s
15:53:50  step=30000  loss=0.1286  lr=1.55e-04  elapsed=12743s
15:55:36    [val] step=30000  val_loss=0.1427
15:55:37    [val] new best: 0.1427 → saved best.pt
15:56:11  step=30050  loss=0.1291  lr=1.54e-04  elapsed=12884s
15:56:45  step=30100  loss=0.1395  lr=1.52e-04  elapsed=12918s
15:57:19  step=30150  loss=0.1394  lr=1.51e-04  elapsed=12952s
15:57:53  step=30200  loss=0.1332  lr=1.50e-04  elapsed=12986s
15:58:27  step=30250  loss=0.1390  lr=1.48e-04  elapsed=13020s
15:59:00  step=30300  loss=0.1392  lr=1.47e-04  elapsed=13054s
15:59:34  step=30350  loss=0.1335  lr=1.45e-04  elapsed=13088s
16:00:08  step=30400  loss=0.1195  lr=1.44e-04  elapsed=13121s
16:00:42  step=30450  loss=0.1347  lr=1.43e-04  elapsed=13155s
16:01:16  step=30500  loss=0.1306  lr=1.42e-04  elapsed=13189s
16:01:50  step=30550  loss=0.1292  lr=1.40e-04  elapsed=13223s
16:02:24  step=30600  loss=0.1411  lr=1.39e-04  elapsed=13257s
16:02:57  step=30650  loss=0.1362  lr=1.38e-04  elapsed=13291s
16:03:31  step=30700  loss=0.1403  lr=1.36e-04  elapsed=13325s
16:04:05  step=30750  loss=0.1173  lr=1.35e-04  elapsed=13359s
16:04:39  step=30800  loss=0.1281  lr=1.34e-04  elapsed=13393s
16:05:13  step=30850  loss=0.1402  lr=1.32e-04  elapsed=13427s
16:05:47  step=30900  loss=0.1303  lr=1.31e-04  elapsed=13461s
16:06:21  step=30950  loss=0.1433  lr=1.30e-04  elapsed=13495s
16:06:55  step=31000  loss=0.1323  lr=1.29e-04  elapsed=13529s
16:07:29  step=31050  loss=0.1350  lr=1.27e-04  elapsed=13563s
16:08:03  step=31100  loss=0.1423  lr=1.26e-04  elapsed=13597s
16:08:37  step=31150  loss=0.1239  lr=1.25e-04  elapsed=13631s
16:09:11  step=31200  loss=0.1317  lr=1.24e-04  elapsed=13665s
16:09:45  step=31250  loss=0.1286  lr=1.22e-04  elapsed=13699s
16:10:19  step=31300  loss=0.1375  lr=1.21e-04  elapsed=13732s
16:10:53  step=31350  loss=0.1400  lr=1.20e-04  elapsed=13766s
16:11:27  step=31400  loss=0.1330  lr=1.19e-04  elapsed=13801s
16:12:01  step=31450  loss=0.1421  lr=1.17e-04  elapsed=13834s
16:12:35  step=31500  loss=0.1429  lr=1.16e-04  elapsed=13868s
16:13:09  step=31550  loss=0.1351  lr=1.15e-04  elapsed=13902s
16:13:43  step=31600  loss=0.1293  lr=1.14e-04  elapsed=13936s
16:14:17  step=31650  loss=0.1384  lr=1.13e-04  elapsed=13970s
16:14:51  step=31700  loss=0.1274  lr=1.12e-04  elapsed=14004s
16:15:25  step=31750  loss=0.1365  lr=1.10e-04  elapsed=14038s
16:15:58  step=31800  loss=0.1354  lr=1.09e-04  elapsed=14072s
16:16:32  step=31850  loss=0.1257  lr=1.08e-04  elapsed=14106s
16:17:06  step=31900  loss=0.1320  lr=1.07e-04  elapsed=14140s
16:17:40  step=31950  loss=0.1268  lr=1.06e-04  elapsed=14173s
16:18:14  step=32000  loss=0.1337  lr=1.05e-04  elapsed=14207s
16:18:48  step=32050  loss=0.1426  lr=1.03e-04  elapsed=14241s
16:19:22  step=32100  loss=0.1325  lr=1.02e-04  elapsed=14275s
16:19:56  step=32150  loss=0.1332  lr=1.01e-04  elapsed=14309s
16:20:30  step=32200  loss=0.1218  lr=1.00e-04  elapsed=14343s
16:21:04  step=32250  loss=0.1218  lr=9.89e-05  elapsed=14377s
16:21:38  step=32300  loss=0.1348  lr=9.78e-05  elapsed=14411s
16:22:12  step=32350  loss=0.1330  lr=9.67e-05  elapsed=14445s
16:22:45  step=32400  loss=0.1244  lr=9.56e-05  elapsed=14479s
16:23:19  step=32450  loss=0.1324  lr=9.45e-05  elapsed=14513s
16:23:53  step=32500  loss=0.1389  lr=9.34e-05  elapsed=14547s
16:24:27  step=32550  loss=0.1283  lr=9.23e-05  elapsed=14581s
16:25:01  step=32600  loss=0.1185  lr=9.13e-05  elapsed=14615s
16:25:35  step=32650  loss=0.1284  lr=9.02e-05  elapsed=14648s
16:26:09  step=32700  loss=0.1338  lr=8.92e-05  elapsed=14682s
16:26:43  step=32750  loss=0.1280  lr=8.81e-05  elapsed=14716s
16:27:17  step=32800  loss=0.1564  lr=8.71e-05  elapsed=14750s
16:27:51  step=32850  loss=0.1270  lr=8.60e-05  elapsed=14784s
16:28:25  step=32900  loss=0.1426  lr=8.50e-05  elapsed=14818s
16:28:59  step=32950  loss=0.1239  lr=8.40e-05  elapsed=14852s
16:29:32  step=33000  loss=0.1318  lr=8.29e-05  elapsed=14886s
16:31:19    [val] step=33000  val_loss=0.1408
16:31:20    [val] new best: 0.1408 → saved best.pt
16:31:54  step=33050  loss=0.1280  lr=8.19e-05  elapsed=15027s
16:32:28  step=33100  loss=0.1263  lr=8.09e-05  elapsed=15061s
16:33:02  step=33150  loss=0.1317  lr=7.99e-05  elapsed=15095s
16:33:36  step=33200  loss=0.1254  lr=7.89e-05  elapsed=15129s
16:34:10  step=33250  loss=0.1355  lr=7.79e-05  elapsed=15163s
16:34:44  step=33300  loss=0.1388  lr=7.70e-05  elapsed=15197s
16:35:18  step=33350  loss=0.1224  lr=7.60e-05  elapsed=15231s
16:35:52  step=33400  loss=0.1398  lr=7.50e-05  elapsed=15265s
16:36:26  step=33450  loss=0.1334  lr=7.41e-05  elapsed=15299s
16:37:00  step=33500  loss=0.1311  lr=7.31e-05  elapsed=15333s
16:37:34  step=33550  loss=0.1302  lr=7.22e-05  elapsed=15367s
16:38:08  step=33600  loss=0.1339  lr=7.12e-05  elapsed=15401s
16:38:42  step=33650  loss=0.1410  lr=7.03e-05  elapsed=15435s
16:39:16  step=33700  loss=0.1371  lr=6.94e-05  elapsed=15469s
16:39:49  step=33750  loss=0.1342  lr=6.84e-05  elapsed=15503s
16:40:23  step=33800  loss=0.1217  lr=6.75e-05  elapsed=15537s
16:40:57  step=33850  loss=0.1439  lr=6.66e-05  elapsed=15570s
16:41:31  step=33900  loss=0.1182  lr=6.57e-05  elapsed=15604s
16:42:05  step=33950  loss=0.1215  lr=6.48e-05  elapsed=15638s
16:42:39  step=34000  loss=0.1324  lr=6.40e-05  elapsed=15672s
16:43:13  step=34050  loss=0.1385  lr=6.31e-05  elapsed=15706s
16:43:47  step=34100  loss=0.1288  lr=6.22e-05  elapsed=15740s
16:44:21  step=34150  loss=0.1300  lr=6.13e-05  elapsed=15774s
16:44:55  step=34200  loss=0.1367  lr=6.05e-05  elapsed=15808s
16:45:29  step=34250  loss=0.1306  lr=5.96e-05  elapsed=15842s
16:46:03  step=34300  loss=0.1325  lr=5.88e-05  elapsed=15876s
16:46:36  step=34350  loss=0.1285  lr=5.79e-05  elapsed=15910s
16:47:10  step=34400  loss=0.1331  lr=5.71e-05  elapsed=15944s
16:47:44  step=34450  loss=0.1307  lr=5.63e-05  elapsed=15978s
16:48:18  step=34500  loss=0.1295  lr=5.55e-05  elapsed=16012s
16:48:52  step=34550  loss=0.1322  lr=5.47e-05  elapsed=16046s
16:49:26  step=34600  loss=0.1297  lr=5.39e-05  elapsed=16080s
16:50:00  step=34650  loss=0.1236  lr=5.31e-05  elapsed=16114s
16:50:34  step=34700  loss=0.1339  lr=5.23e-05  elapsed=16148s
16:51:08  step=34750  loss=0.1331  lr=5.15e-05  elapsed=16182s
16:51:42  step=34800  loss=0.1290  lr=5.07e-05  elapsed=16216s
16:52:16  step=34850  loss=0.1520  lr=4.99e-05  elapsed=16250s
16:52:50  step=34900  loss=0.1325  lr=4.92e-05  elapsed=16284s
16:53:24  step=34950  loss=0.1279  lr=4.84e-05  elapsed=16318s
16:53:58  step=35000  loss=0.1221  lr=4.77e-05  elapsed=16352s
16:54:32  step=35050  loss=0.1290  lr=4.69e-05  elapsed=16386s
16:55:06  step=35100  loss=0.1255  lr=4.62e-05  elapsed=16420s
16:55:40  step=35150  loss=0.1322  lr=4.55e-05  elapsed=16454s
16:56:15  step=35200  loss=0.1282  lr=4.48e-05  elapsed=16488s
16:56:49  step=35250  loss=0.1347  lr=4.40e-05  elapsed=16522s
16:57:23  step=35300  loss=0.1344  lr=4.33e-05  elapsed=16556s
16:57:57  step=35350  loss=0.1334  lr=4.26e-05  elapsed=16590s
16:58:31  step=35400  loss=0.1339  lr=4.20e-05  elapsed=16624s
16:59:05  step=35450  loss=0.1322  lr=4.13e-05  elapsed=16658s
16:59:39  step=35500  loss=0.1271  lr=4.06e-05  elapsed=16692s
17:00:13  step=35550  loss=0.1331  lr=3.99e-05  elapsed=16726s
17:00:47  step=35600  loss=0.1299  lr=3.93e-05  elapsed=16760s
17:01:21  step=35650  loss=0.1308  lr=3.86e-05  elapsed=16794s
17:01:55  step=35700  loss=0.1365  lr=3.80e-05  elapsed=16828s
17:02:29  step=35750  loss=0.1351  lr=3.73e-05  elapsed=16862s
17:03:03  step=35800  loss=0.1362  lr=3.67e-05  elapsed=16896s
17:03:37  step=35850  loss=0.1278  lr=3.61e-05  elapsed=16930s
17:04:11  step=35900  loss=0.1278  lr=3.54e-05  elapsed=16964s
17:04:45  step=35950  loss=0.1415  lr=3.48e-05  elapsed=16998s
17:05:19  step=36000  loss=0.1337  lr=3.42e-05  elapsed=17032s
17:07:05    [val] step=36000  val_loss=0.1388
17:07:06    [val] new best: 0.1388 → saved best.pt
17:07:40  step=36050  loss=0.1396  lr=3.36e-05  elapsed=17173s
17:08:14  step=36100  loss=0.1273  lr=3.30e-05  elapsed=17207s
17:08:48  step=36150  loss=0.1276  lr=3.25e-05  elapsed=17241s
17:09:22  step=36200  loss=0.1269  lr=3.19e-05  elapsed=17275s
17:09:56  step=36250  loss=0.1333  lr=3.13e-05  elapsed=17309s
17:10:30  step=36300  loss=0.1253  lr=3.08e-05  elapsed=17343s
17:11:04  step=36350  loss=0.1313  lr=3.02e-05  elapsed=17377s
17:11:37  step=36400  loss=0.1331  lr=2.97e-05  elapsed=17411s
17:12:11  step=36450  loss=0.1281  lr=2.91e-05  elapsed=17445s
17:12:45  step=36500  loss=0.1263  lr=2.86e-05  elapsed=17479s
17:13:19  step=36550  loss=0.1416  lr=2.81e-05  elapsed=17512s
17:13:53  step=36600  loss=0.1303  lr=2.75e-05  elapsed=17546s
17:14:27  step=36650  loss=0.1260  lr=2.70e-05  elapsed=17580s
17:15:01  step=36700  loss=0.1255  lr=2.65e-05  elapsed=17614s
17:15:35  step=36750  loss=0.1275  lr=2.60e-05  elapsed=17648s
17:16:09  step=36800  loss=0.1281  lr=2.56e-05  elapsed=17682s
17:16:42  step=36850  loss=0.1341  lr=2.51e-05  elapsed=17716s
17:17:16  step=36900  loss=0.1345  lr=2.46e-05  elapsed=17750s
17:17:50  step=36950  loss=0.1226  lr=2.41e-05  elapsed=17783s
17:18:24  step=37000  loss=0.1390  lr=2.37e-05  elapsed=17817s
17:18:58  step=37050  loss=0.1323  lr=2.32e-05  elapsed=17851s
17:19:32  step=37100  loss=0.1290  lr=2.28e-05  elapsed=17885s
17:20:05  step=37150  loss=0.1166  lr=2.23e-05  elapsed=17919s
17:20:39  step=37200  loss=0.1332  lr=2.19e-05  elapsed=17953s
17:21:13  step=37250  loss=0.1336  lr=2.15e-05  elapsed=17987s
17:21:47  step=37300  loss=0.1209  lr=2.11e-05  elapsed=18020s
17:22:21  step=37350  loss=0.1317  lr=2.07e-05  elapsed=18054s
17:22:55  step=37400  loss=0.1269  lr=2.03e-05  elapsed=18088s
17:23:29  step=37450  loss=0.1287  lr=1.99e-05  elapsed=18122s
17:24:03  step=37500  loss=0.1272  lr=1.95e-05  elapsed=18156s
17:24:37  step=37550  loss=0.1334  lr=1.91e-05  elapsed=18190s
17:25:11  step=37600  loss=0.1295  lr=1.88e-05  elapsed=18224s
17:25:45  step=37650  loss=0.1263  lr=1.84e-05  elapsed=18258s
17:26:19  step=37700  loss=0.1282  lr=1.81e-05  elapsed=18292s
17:26:53  step=37750  loss=0.1373  lr=1.77e-05  elapsed=18326s
17:27:27  step=37800  loss=0.1297  lr=1.74e-05  elapsed=18360s
17:28:01  step=37850  loss=0.1396  lr=1.70e-05  elapsed=18394s
17:28:35  step=37900  loss=0.1382  lr=1.67e-05  elapsed=18428s
17:29:09  step=37950  loss=0.1406  lr=1.64e-05  elapsed=18463s
17:29:43  step=38000  loss=0.1315  lr=1.61e-05  elapsed=18497s
17:30:17  step=38050  loss=0.1331  lr=1.58e-05  elapsed=18531s
17:30:51  step=38100  loss=0.1336  lr=1.55e-05  elapsed=18565s
17:31:25  step=38150  loss=0.1214  lr=1.52e-05  elapsed=18599s
17:31:59  step=38200  loss=0.1372  lr=1.49e-05  elapsed=18633s
17:32:33  step=38250  loss=0.1289  lr=1.47e-05  elapsed=18667s
17:33:07  step=38300  loss=0.1242  lr=1.44e-05  elapsed=18701s
17:33:41  step=38350  loss=0.1285  lr=1.42e-05  elapsed=18735s
17:34:15  step=38400  loss=0.1250  lr=1.39e-05  elapsed=18769s
17:34:50  step=38450  loss=0.1239  lr=1.37e-05  elapsed=18803s
17:35:24  step=38500  loss=0.1267  lr=1.34e-05  elapsed=18837s
17:35:58  step=38550  loss=0.1316  lr=1.32e-05  elapsed=18871s
17:36:32  step=38600  loss=0.1293  lr=1.30e-05  elapsed=18905s
17:37:06  step=38650  loss=0.1405  lr=1.28e-05  elapsed=18939s
17:37:40  step=38700  loss=0.1182  lr=1.26e-05  elapsed=18973s
17:38:14  step=38750  loss=0.1257  lr=1.24e-05  elapsed=19007s
17:38:48  step=38800  loss=0.1208  lr=1.22e-05  elapsed=19041s
17:39:22  step=38850  loss=0.1479  lr=1.20e-05  elapsed=19075s
17:39:56  step=38900  loss=0.1255  lr=1.18e-05  elapsed=19109s
17:40:30  step=38950  loss=0.1339  lr=1.17e-05  elapsed=19143s
17:41:04  step=39000  loss=0.1342  lr=1.15e-05  elapsed=19177s
17:42:51    [val] step=39000  val_loss=0.1385
17:42:52    [val] new best: 0.1385 → saved best.pt
17:43:26  step=39050  loss=0.1200  lr=1.14e-05  elapsed=19319s
17:44:00  step=39100  loss=0.1328  lr=1.12e-05  elapsed=19353s
17:44:34  step=39150  loss=0.1296  lr=1.11e-05  elapsed=19387s
17:45:08  step=39200  loss=0.1349  lr=1.10e-05  elapsed=19421s
17:45:42  step=39250  loss=0.1274  lr=1.09e-05  elapsed=19455s
17:46:16  step=39300  loss=0.1323  lr=1.07e-05  elapsed=19489s
17:46:50  step=39350  loss=0.1317  lr=1.06e-05  elapsed=19523s
17:47:24  step=39400  loss=0.1363  lr=1.05e-05  elapsed=19557s
17:47:58  step=39450  loss=0.1292  lr=1.05e-05  elapsed=19591s
17:48:32  step=39500  loss=0.1289  lr=1.04e-05  elapsed=19625s
17:49:06  step=39550  loss=0.1374  lr=1.03e-05  elapsed=19659s
17:49:40  step=39600  loss=0.1245  lr=1.02e-05  elapsed=19693s
17:50:14  step=39650  loss=0.1330  lr=1.02e-05  elapsed=19727s
17:50:48  step=39700  loss=0.1231  lr=1.01e-05  elapsed=19761s
17:51:22  step=39750  loss=0.1273  lr=1.01e-05  elapsed=19795s
17:51:56  step=39800  loss=0.1242  lr=1.01e-05  elapsed=19829s
17:52:30  step=39850  loss=0.1305  lr=1.00e-05  elapsed=19863s
17:53:04  step=39900  loss=0.1244  lr=1.00e-05  elapsed=19897s
17:53:38  step=39950  loss=0.1316  lr=1.00e-05  elapsed=19931s
17:54:12  step=40000  loss=0.1289  lr=1.00e-05  elapsed=19965s
17:54:12  Training complete at step 40000. Best val loss: 0.1385
